<?xml version="1.0" encoding="UTF-8"?>
<!-- Generated by org.testng.reporters.JUnitReportReporter -->
<testsuite hostname="salsalabs5" name="com.vitalii.vitaliiFramework2.tests.LoginPageTestsWD" tests="1" failures="0" timestamp="28 Aug 2017 14:53:01 GMT" time="30.022" errors="0">
  <testcase name="verifyPublishedFormLabelTextIsDisplayed" time="30.022" classname="com.vitalii.vitaliiFramework2.tests.LoginPageTestsWD"/>
</testsuite> <!-- com.vitalii.vitaliiFramework2.tests.LoginPageTestsWD -->
