<?xml version="1.0" encoding="UTF-8"?>
<!-- Generated by org.testng.reporters.JUnitReportReporter -->
<testsuite hostname="salsalabs5" name="com.vitalii.vitaliiFramework2.BasicTest" tests="2" failures="0" timestamp="19 Sep 2016 11:37:22 GMT" time="11.540" errors="0">
  <testcase name="googleCheeseExample" time="6.268" classname="com.vitalii.vitaliiFramework2.BasicTest"/>
  <testcase name="googleMilkExample" time="5.272" classname="com.vitalii.vitaliiFramework2.BasicTest"/>
</testsuite> <!-- com.vitalii.vitaliiFramework2.BasicTest -->
